nohup: ignoring input
loading S7063
Processing delta band: 1-5 Hz for S7063
[['0' 'S7063' '0.8686333959911008' ... '0.8773640531215442'
  '0.8457980907152294' '0.7660089606714131']
 ['1' 'S7063' '0.756064371498825' ... '0.4046164727494995'
  '0.804118450888643' '0.4103796502341248']
 ['2' 'S7063' '0.5737991352410089' ... '0.6330067993673483'
  '0.5815168600699895' '0.5163085113765619']
 ...
 ['34557' 'S7063' '0.7857846641961925' ... '0.8635508240662517'
  '0.9010144270830726' '0.7415907657303531']
 ['34558' 'S7063' '0.9991731135239972' ... '0.999177110920238'
  '0.9991891443742571' '0.9991676098552383']
 ['34559' 'S7063' '0.7662332090055887' ... '0.8847726608763591'
  '0.8535908107609701' '0.7665458256791675']]
<class 'numpy.ndarray'>
Processing theta band: 5-11 Hz for S7063
[['0' 'S7063' '0.8815338500048322' ... '0.9356307679539617'
  '0.9436951982240183' '0.8626865306506732']
 ['1' 'S7063' '0.8346439423307713' ... '0.8596630248176708'
  '0.8847379705822241' '0.790510716964013']
 ['2' 'S7063' '0.6811489661872746' ... '0.8974135519938288'
  '0.8369301344737698' '0.6532571646754188']
 ...
 ['34557' 'S7063' '0.8730632630883671' ... '0.9468516835156793'
  '0.9446165807896' '0.8857918921681229']
 ['34558' 'S7063' '0.9991953786355168' ... '0.9991956434024465'
  '0.9991977892748647' '0.9991904301904382']
 ['34559' 'S7063' '0.840201159793293' ... '0.9251764133617483'
  '0.9485737416578092' '0.8493748004284305']]
<class 'numpy.ndarray'>
Traceback (most recent call last):
  File "/home/s2864332/miniforge3/envs/DiagnoseSYNGAP/lib/python3.10/site-packages/numpy/lib/_npyio_impl.py", line 581, in save
    format.write_array(fid, arr, allow_pickle=allow_pickle,
  File "/home/s2864332/miniforge3/envs/DiagnoseSYNGAP/lib/python3.10/site-packages/numpy/lib/format.py", line 754, in write_array
    array.tofile(fp)
OSError: [Errno 28] No space left on device

During handling of the above exception, another exception occurred:

Traceback (most recent call last):
  File "/home/s2864332/MySYNGAP/DiagnoseSYNGAP/Scripts/FeatureEng/rat/connectivity.py", line 60, in <module>
    np.save(os.path.join(results_path, f'{animal}_{label}_{connectivity_cal}.npy'), df_result)
  File "/home/s2864332/miniforge3/envs/DiagnoseSYNGAP/lib/python3.10/site-packages/numpy/lib/_npyio_impl.py", line 579, in save
    with file_ctx as fid:
OSError: [Errno 28] No space left on device
